<?xml version="1.0" encoding="UTF-8"?>
<!-- Generated by org.testng.reporters.JUnitReportReporter -->
<testsuite hostname="DESKTOP-TC0G5CJ" failures="0" tests="9" name="com.tiptop_Assignment.Test.FormTests" time="0.830" errors="0" timestamp="2024-12-21T21:59:09 IST" skipped="0">
  <testcase classname="com.tiptop_Assignment.Test.FormTests" name="testReadonlyInput1" time="0.038"/>
  <system-out/>
  <testcase classname="com.tiptop_Assignment.Test.FormTests" name="testReadonlyInput2" time="0.031"/>
  <system-out/>
  <testcase classname="com.tiptop_Assignment.Test.FormTests" name="testSubmitDisabledNoData" time="0.091"/>
  <system-out/>
  <testcase classname="com.tiptop_Assignment.Test.FormTests" name="testSubmitEnabledWithData" time="0.318"/>
  <system-out/>
  <testcase classname="com.tiptop_Assignment.Test.FormTests" name="testSubmitShowsReceivedText" time="0.211"/>
  <system-out/>
  <testcase classname="com.tiptop_Assignment.Test.FormTests" name="testUrlContainsFormData" time="0.010"/>
  <system-out/>
  <testcase classname="com.tiptop_Assignment.Test.FormTests" name="testDropdownElements1" time="0.042"/>
  <system-out/>
  <testcase classname="com.tiptop_Assignment.Test.FormTests" name="testDropdownElements2" time="0.027"/>
  <system-out/>
  <testcase classname="com.tiptop_Assignment.Test.FormTests" name="testDisabledInput" time="0.062"/>
  <system-out/>
</testsuite> <!-- com.tiptop_Assignment.Test.FormTests -->
